[2025-05-17 12:02:40] help
[2025-05-17 12:02:59] set path /home/void/Downloads
[2025-05-17 12:03:08] set mode snapshot
[2025-05-17 12:03:10] run
[2025-05-17 12:03:35] exit
[2025-05-17 13:09:17] help
[2025-05-17 13:09:21] help
[2025-05-17 13:09:37] set path /home/void/Downloads
[2025-05-17 13:10:03] set mode duplicates
[2025-05-17 13:10:08] show
[2025-05-17 13:10:43] run
[2025-05-17 13:13:17] exit
[2025-05-17 13:14:41] help
[2025-05-17 13:15:01] set path /home/void/Downloads
[2025-05-17 13:16:29] set mode duplicates
[2025-05-17 13:16:32] show
[2025-05-17 13:16:36] run
[2025-05-17 13:17:49] show
[2025-05-17 13:18:01] help set
[2025-05-17 13:18:10] set mode tracker
[2025-05-17 13:18:14] run
[2025-05-17 13:31:23] help
[2025-05-17 13:31:31] set mode snapshot
[2025-05-17 13:31:46] set path /home/void/Downloads
[2025-05-17 13:31:49] run
[2025-05-17 13:32:47] run
[2025-05-17 13:33:38] run
[2025-05-17 13:34:17] run
[2025-05-17 13:35:08] exit
[2025-05-17 13:35:42] help
[2025-05-17 13:35:47] set mode snapshot
[2025-05-17 13:36:11] set path /home/void/Downloads
[2025-05-17 13:36:14] run
[2025-05-17 13:36:59] run
[2025-05-17 13:37:36] run
[2025-05-17 13:38:05] run
[2025-05-17 13:39:08] set mode duplicates
[2025-05-17 13:39:10] run
[2025-05-17 13:40:34] exit
[2025-05-17 13:48:04] help
[2025-05-17 13:48:12] set mode tracker
[2025-05-17 13:48:25] set path /home/void/Downloads
[2025-05-17 13:48:28] show
[2025-05-17 13:49:05] run
[2025-05-17 13:52:15] exit
[2025-05-17 13:52:49] help
[2025-05-17 13:52:56] set mode tracker
[2025-05-17 13:53:30] set path /home/void/Downloads
[2025-05-17 13:53:33] run
[2025-05-17 14:02:16] help
[2025-05-17 14:02:25] set mode tracker
[2025-05-17 14:02:43] set path /home/void/Downloads
[2025-05-17 14:02:47] sd
[2025-05-17 14:02:58] show
[2025-05-17 14:03:01] run
[2025-05-17 14:12:49] help
[2025-05-17 14:12:55] set mode tracker
[2025-05-17 14:13:22] set path /home/void/Downloads
[2025-05-17 14:13:44] run
